# JRE version: Java(TM) SE Runtime Environment (8.0_151-b12) (build 1.8.0_151-b12)
# Java VM: Java HotSpot(TM) 64-Bit Server VM (25.151-b12 mixed mode linux-amd64 compressed oops)
Heap:
 PSYoungGen      total 154112K, used 9088K [0x00000000e6400000, 0x00000000f1500000, 0x0000000100000000)
  eden space 143872K, 0% used [0x00000000e6400000,0x00000000e6400000,0x00000000ef080000)
  from space 10240K, 88% used [0x00000000f0100000,0x00000000f09e00b8,0x00000000f0b00000)
  to   space 8704K, 0% used [0x00000000f0c80000,0x00000000f0c80000,0x00000000f1500000)
 ParOldGen       total 37888K, used 7704K [0x00000000b2c00000, 0x00000000b5100000, 0x00000000e6400000)
  object space 37888K, 20% used [0x00000000b2c00000,0x00000000b33862a8,0x00000000b5100000)
 Metaspace       used 34972K, capacity 35172K, committed 35416K, reserved 1079296K
  class space    used 4961K, capacity 5052K, committed 5120K, reserved 1048576K
GC Heap History (10 events):
Event: 2.688 GC heap after
Heap after GC invocations=3 (full 0):
 PSYoungGen      total 44032K, used 3050K [0x00000000e6400000, 0x00000000eba00000, 0x0000000100000000)
  eden space 40960K, 0% used [0x00000000e6400000,0x00000000e6400000,0x00000000e8c00000)
  from space 3072K, 99% used [0x00000000e8c00000,0x00000000e8efa800,0x00000000e8f00000)
  to   space 3072K, 0% used [0x00000000eb700000,0x00000000eb700000,0x00000000eba00000)
 ParOldGen       total 53248K, used 2383K [0x00000000b2c00000, 0x00000000b6000000, 0x00000000e6400000)
  object space 53248K, 4% used [0x00000000b2c00000,0x00000000b2e53ff8,0x00000000b6000000)
 Metaspace       used 12479K, capacity 12560K, committed 12800K, reserved 1060864K
  class space    used 1745K, capacity 1776K, committed 1792K, reserved 1048576K
}
Event: 4.065 GC heap before
{Heap before GC invocations=4 (full 0):
 PSYoungGen      total 44032K, used 44010K [0x00000000e6400000, 0x00000000eba00000, 0x0000000100000000)
  eden space 40960K, 100% used [0x00000000e6400000,0x00000000e8c00000,0x00000000e8c00000)
  from space 3072K, 99% used [0x00000000e8c00000,0x00000000e8efa800,0x00000000e8f00000)
  to   space 3072K, 0% used [0x00000000eb700000,0x00000000eb700000,0x00000000eba00000)
 ParOldGen       total 53248K, used 2383K [0x00000000b2c00000, 0x00000000b6000000, 0x00000000e6400000)
  object space 53248K, 4% used [0x00000000b2c00000,0x00000000b2e53ff8,0x00000000b6000000)
 Metaspace       used 16554K, capacity 16680K, committed 16768K, reserved 1062912K
  class space    used 2352K, capacity 2402K, committed 2432K, reserved 1048576K
Event: 4.106 GC heap after
Heap after GC invocations=4 (full 0):
 PSYoungGen      total 84992K, used 3043K [0x00000000e6400000, 0x00000000eba00000, 0x0000000100000000)
  eden space 81920K, 0% used [0x00000000e6400000,0x00000000e6400000,0x00000000eb400000)
  from space 3072K, 99% used [0x00000000eb700000,0x00000000eb9f8e58,0x00000000eba00000)
  to   space 3072K, 0% used [0x00000000eb400000,0x00000000eb400000,0x00000000eb700000)
 ParOldGen       total 53248K, used 4983K [0x00000000b2c00000, 0x00000000b6000000, 0x00000000e6400000)
  object space 53248K, 9% used [0x00000000b2c00000,0x00000000b30dde20,0x00000000b6000000)
 Metaspace       used 16554K, capacity 16680K, committed 16768K, reserved 1062912K
  class space    used 2352K, capacity 2402K, committed 2432K, reserved 1048576K
}
Event: 4.843 GC heap before
{Heap before GC invocations=5 (full 0):
 PSYoungGen      total 84992K, used 53294K [0x00000000e6400000, 0x00000000eba00000, 0x0000000100000000)
  eden space 81920K, 61% used [0x00000000e6400000,0x00000000e9512ad8,0x00000000eb400000)
  from space 3072K, 99% used [0x00000000eb700000,0x00000000eb9f8e58,0x00000000eba00000)
  to   space 3072K, 0% used [0x00000000eb400000,0x00000000eb400000,0x00000000eb700000)
 ParOldGen       total 53248K, used 4983K [0x00000000b2c00000, 0x00000000b6000000, 0x00000000e6400000)
  object space 53248K, 9% used [0x00000000b2c00000,0x00000000b30dde20,0x00000000b6000000)
 Metaspace       used 20924K, capacity 21096K, committed 21248K, reserved 1067008K
  class space    used 2901K, capacity 2978K, committed 3072K, reserved 1048576K
Event: 4.862 GC heap after
Heap after GC invocations=5 (full 0):
 PSYoungGen      total 84992K, used 3053K [0x00000000e6400000, 0x00000000f1500000, 0x0000000100000000)
  eden space 81920K, 0% used [0x00000000e6400000,0x00000000e6400000,0x00000000eb400000)
  from space 3072K, 99% used [0x00000000eb400000,0x00000000eb6fb428,0x00000000eb700000)
  to   space 8704K, 0% used [0x00000000f0c80000,0x00000000f0c80000,0x00000000f1500000)
 ParOldGen       total 53248K, used 9423K [0x00000000b2c00000, 0x00000000b6000000, 0x00000000e6400000)
  object space 53248K, 17% used [0x00000000b2c00000,0x00000000b3533cc0,0x00000000b6000000)
 Metaspace       used 20924K, capacity 21096K, committed 21248K, reserved 1067008K
  class space    used 2901K, capacity 2978K, committed 3072K, reserved 1048576K
}
Event: 4.863 GC heap before
{Heap before GC invocations=6 (full 1):
 PSYoungGen      total 84992K, used 3053K [0x00000000e6400000, 0x00000000f1500000, 0x0000000100000000)
  eden space 81920K, 0% used [0x00000000e6400000,0x00000000e6400000,0x00000000eb400000)
  from space 3072K, 99% used [0x00000000eb400000,0x00000000eb6fb428,0x00000000eb700000)
  to   space 8704K, 0% used [0x00000000f0c80000,0x00000000f0c80000,0x00000000f1500000)
 ParOldGen       total 53248K, used 9423K [0x00000000b2c00000, 0x00000000b6000000, 0x00000000e6400000)
  object space 53248K, 17% used [0x00000000b2c00000,0x00000000b3533cc0,0x00000000b6000000)
 Metaspace       used 20924K, capacity 21096K, committed 21248K, reserved 1067008K
  class space    used 2901K, capacity 2978K, committed 3072K, reserved 1048576K
Event: 4.910 GC heap after
Heap after GC invocations=6 (full 1):
 PSYoungGen      total 84992K, used 0K [0x00000000e6400000, 0x00000000f1500000, 0x0000000100000000)
  eden space 81920K, 0% used [0x00000000e6400000,0x00000000e6400000,0x00000000eb400000)
  from space 3072K, 0% used [0x00000000eb400000,0x00000000eb400000,0x00000000eb700000)
  to   space 8704K, 0% used [0x00000000f0c80000,0x00000000f0c80000,0x00000000f1500000)
 ParOldGen       total 37888K, used 7320K [0x00000000b2c00000, 0x00000000b5100000, 0x00000000e6400000)
  object space 37888K, 19% used [0x00000000b2c00000,0x00000000b33261a8,0x00000000b5100000)
 Metaspace       used 20924K, capacity 21096K, committed 21248K, reserved 1067008K
  class space    used 2901K, capacity 2978K, committed 3072K, reserved 1048576K
}
Event: 6.722 GC heap before
{Heap before GC invocations=7 (full 1):
 PSYoungGen      total 84992K, used 81920K [0x00000000e6400000, 0x00000000f1500000, 0x0000000100000000)
  eden space 81920K, 100% used [0x00000000e6400000,0x00000000eb400000,0x00000000eb400000)
  from space 3072K, 0% used [0x00000000eb400000,0x00000000eb400000,0x00000000eb700000)
  to   space 8704K, 0% used [0x00000000f0c80000,0x00000000f0c80000,0x00000000f1500000)
 ParOldGen       total 37888K, used 7320K [0x00000000b2c00000, 0x00000000b5100000, 0x00000000e6400000)
  object space 37888K, 19% used [0x00000000b2c00000,0x00000000b33261a8,0x00000000b5100000)
 Metaspace       used 28600K, capacity 28840K, committed 29184K, reserved 1075200K
  class space    used 3945K, capacity 4016K, committed 4096K, reserved 1048576K
Event: 6.742 GC heap after
Heap after GC invocations=7 (full 1):
 PSYoungGen      total 152576K, used 8690K [0x00000000e6400000, 0x00000000f1500000, 0x0000000100000000)
  eden space 143872K, 0% used [0x00000000e6400000,0x00000000e6400000,0x00000000ef080000)
  from space 8704K, 99% used [0x00000000f0c80000,0x00000000f14fc938,0x00000000f1500000)
  to   space 10240K, 0% used [0x00000000f0100000,0x00000000f0100000,0x00000000f0b00000)
 ParOldGen       total 37888K, used 7696K [0x00000000b2c00000, 0x00000000b5100000, 0x00000000e6400000)
  object space 37888K, 20% used [0x00000000b2c00000,0x00000000b33842a8,0x00000000b5100000)
 Metaspace       used 28600K, capacity 28840K, committed 29184K, reserved 1075200K
  class space    used 3945K, capacity 4016K, committed 4096K, reserved 1048576K
}
Event: 12.234 GC heap before
{Heap before GC invocations=8 (full 1):
 PSYoungGen      total 152576K, used 106037K [0x00000000e6400000, 0x00000000f1500000, 0x0000000100000000)
  eden space 143872K, 67% used [0x00000000e6400000,0x00000000ec310bd8,0x00000000ef080000)
  from space 8704K, 99% used [0x00000000f0c80000,0x00000000f14fc938,0x00000000f1500000)
  to   space 10240K, 0% used [0x00000000f0100000,0x00000000f0100000,0x00000000f0b00000)
 ParOldGen       total 37888K, used 7696K [0x00000000b2c00000, 0x00000000b5100000, 0x00000000e6400000)
  object space 37888K, 20% used [0x00000000b2c00000,0x00000000b33842a8,0x00000000b5100000)
 Metaspace       used 34972K, capacity 35172K, committed 35416K, reserved 1079296K
  class space    used 4961K, capacity 5052K, committed 5120K, reserved 1048576K

